0:100  0:100  MemLog inited, TSC freq: 2904429960
0:100  0:000  CPU was calibrated with RTC
0:100  0:000  
0:100  0:000  Now is 29.03.2020,  09:26:09 (GMT)
0:100  0:000  Starting Clover revision: 5107 (master, commit a3f3053c3) on American Megatrends EFI
0:100  0:000  Build with: [Args: -D NO_GRUB_DRIVERS_EMBEDDED -t GCC53 | -D NO_GRUB_DRIVERS_EMBEDDED --conf=/Users/sergey/src/CloverHackyColor/Conf -D USE_LOW_EBDA -a X64 -b RELEASE -t GCC53 -n 5 | OS: 10.14.6]
0:100  0:000  SelfDevicePath=PciRoot(0x0)\Pci(0x17,0x0)\Sata(0x1,0xFFFF,0x0)\HD(1,GPT,D8034E3E-2AB4-48E4-9903-59A87AFF51EA,0x22,0x64000) @880ADF98
0:100  0:000  SelfDirPath = \EFI\CLOVER
0:101  0:001  Clover : Image base = 0x82D59000
0:833  0:731  SimpleTextEx Status=Success
0:833  0:000  === [ Get Smbios ] ==============================
0:838  0:005  Type 16 Index = 0
0:838  0:000  Total Memory Slots Count = 4
0:838  0:000  Type 17 Index = 0
0:838  0:000  SmbiosTable.Type17->Speed = 2133MHz
0:838  0:000  SmbiosTable.Type17->Size = 4096MB
0:838  0:000  SmbiosTable.Type17->Bank/Device = BANK 0 ChannelA-DIMM0
0:838  0:000  SmbiosTable.Type17->Vendor = Samsung
0:838  0:000  SmbiosTable.Type17->SerialNumber = 00000000
0:838  0:000  SmbiosTable.Type17->PartNumber = M471A5143EB0-CPB    
0:838  0:000  Type 17 Index = 1
0:838  0:000  Ignoring insane frequency value 0MHz
0:838  0:000  SmbiosTable.Type17->Speed = 0MHz
0:838  0:000  SmbiosTable.Type17->Size = 0MB
0:838  0:000  SmbiosTable.Type17->Bank/Device = BANK 1 ChannelA-DIMM1
0:838  0:000  SmbiosTable.Type17->Vendor = <null string>
0:838  0:000  SmbiosTable.Type17->SerialNumber = <null string>
0:838  0:000  SmbiosTable.Type17->PartNumber = <null string>
0:838  0:000  Type 17 Index = 2
0:838  0:000  SmbiosTable.Type17->Speed = 2667MHz
0:838  0:000  SmbiosTable.Type17->Size = 8192MB
0:838  0:000  SmbiosTable.Type17->Bank/Device = BANK 2 ChannelB-DIMM0
0:838  0:000  SmbiosTable.Type17->Vendor = 029E
0:838  0:000  SmbiosTable.Type17->SerialNumber = 00000000
0:838  0:000  SmbiosTable.Type17->PartNumber = CMSX8GX4M1A2666C18  
0:838  0:000  Type 17 Index = 3
0:838  0:000  Ignoring insane frequency value 0MHz
0:838  0:000  SmbiosTable.Type17->Speed = 0MHz
0:838  0:000  SmbiosTable.Type17->Size = 0MB
0:838  0:000  SmbiosTable.Type17->Bank/Device = BANK 3 ChannelB-DIMM1
0:838  0:000  SmbiosTable.Type17->Vendor = <null string>
0:838  0:000  SmbiosTable.Type17->SerialNumber = <null string>
0:838  0:000  SmbiosTable.Type17->PartNumber = <null string>
0:838  0:000  Boot status=0
0:838  0:000  Running on: 'X456UQK' with board 'X456UQK'
0:838  0:000  === [ GetCPUProperties ] ========================
0:838  0:000  CPU Vendor = 756E6547 Model=806E9
0:838  0:000   The CPU supported SSE4.1
0:838  0:000  BrandString = Intel(R) Core(TM) i7-7500U CPU @ 2.70GHz
0:838  0:000   The CPU supported turbo
0:838  0:000  MSR 0x35               20004
0:838  0:000   TSC/CCC Information Leaf:
0:838  0:000    numerator     : 242
0:838  0:000    denominator   : 2
0:838  0:000   Calibrated ARTFrequency: 24003553
0:838  0:000   Rounded ARTFrequency: 24000000
0:838  0:000  MSR 0xE2 before patch 1E008008
0:838  0:000  MSR 0xE2 is locked, PM patches will be turned on
0:838  0:000  MSR 0xCE              0004043D_F1011D00
0:838  0:000  corrected FLEX_RATIO = 0
0:838  0:000  MSR 0x1B0             00000000
0:838  0:000  FSBFrequency = 90 MHz, DMI FSBFrequency = 100 MHz, Corrected FSBFrequency = 100 MHz
0:838  0:000  MaxDiv/MinDiv: 29.0/4
0:838  0:000  Turbo: 35/35/35/35
0:838  0:000  Features: 0xBFEBFBFF
0:838  0:000  Threads: 4
0:838  0:000  Cores: 2
0:838  0:000  FSB: 100 MHz
0:838  0:000  CPU: 2600 MHz
0:838  0:000  TSC: 2600 MHz
0:838  0:000  PIS: 100 MHz
0:838  0:000  ExternalClock: 25 MHz
0:838  0:000  === [ GetDevices ] ==============================
0:838  0:000  GOP found at: PciRoot(0x0)/Pci(0x2,0x0)/AcpiAdr(0x80011400)
0:838  0:000  PCI (00|00:00.00) : 8086 5904 class=060000
0:838  0:000  PCI (00|00:02.00) : 8086 5916 class=030000
0:838  0:000   - GOP: Provided by device
0:838  0:000   - GFX: Model=Intel HD Graphics 620 (Intel)
0:838  0:000  PCI (00|00:04.00) : 8086 1903 class=118000
0:838  0:000  PCI (00|00:14.00) : 8086 9D2F class=0C0330
0:838  0:000  PCI (00|00:14.02) : 8086 9D31 class=118000
0:838  0:000  PCI (00|00:15.00) : 8086 9D60 class=118000
0:838  0:000  PCI (00|00:15.01) : 8086 9D61 class=118000
0:838  0:000  PCI (00|00:16.00) : 8086 9D3A class=078000
0:838  0:000  PCI (00|00:17.00) : 8086 9D03 class=010601
0:838  0:000  PCI (00|00:1C.00) : 8086 9D10 class=060400
0:838  0:000  PCI (00|01:00.00) : 10DE 134D class=030200
0:838  0:000  PCI (00|00:1C.04) : 8086 9D14 class=060400
0:838  0:000  PCI (00|02:00.00) : 10EC 8168 class=020000
0:838  0:000   - LAN: 0 Vendor=Realtek
0:838  0:000  PCI (00|00:1C.05) : 8086 9D15 class=060400
0:838  0:000  PCI (00|03:00.00) : 168C 0036 class=028000
0:838  0:000   - WIFI: Vendor=Atheros
0:838  0:000  PCI (00|00:1F.00) : 8086 9D58 class=060100
0:838  0:000  PCI (00|00:1F.02) : 8086 9D21 class=058000
0:838  0:000  PCI (00|00:1F.03) : 8086 9D71 class=040300
0:839  0:000  PCI (00|00:1F.04) : 8086 9D23 class=0C0500
0:839  0:000  === [ GetDefaultSettings ] ======================
0:839  0:000  Clover load options size = 56 bytes
0:839  0:000  CheckOEMPathExists tried EFI\CLOVER\OEM\X456UQK--00-00-00-00-00-00. Dir not exists
0:840  0:000  CheckOEMPathExists tried EFI\CLOVER\OEM\X456UQK\UEFI. Dir not exists
0:841  0:000  CheckOEMPathExists tried EFI\CLOVER\OEM\X456UQK. Dir not exists
0:841  0:000  CheckOEMPathExists tried EFI\CLOVER\OEM\X456UQK-2600. Dir not exists
0:842  0:000  CheckOEMPathExists tried EFI\CLOVER\OEM\X456UQK. Dir not exists
0:843  0:000  CheckOEMPathExists tried EFI\CLOVER\OEM\X456UQK-2600. Dir not exists
0:843  0:000  set OEMPath by default: EFI\CLOVER
0:903  0:060  EFI\CLOVER\config.plist loaded: Success
0:910  0:006  === [ GetListOfThemes ] =========================
0:921  0:010  - [00]: OlarilaAnimation
0:937  0:016  - [01]: DarkBootX
0:982  0:044  - [02]: Apocalypse
1:009  0:027  - [03]: BeautyX
1:039  0:029  - [04]: Buttons
1:056  0:017  - [05]: Crystal
1:082  0:025  - [06]: Neon
1:095  0:013  - [07]: steampunkblack
1:114  0:018  - [08]: blacktype
1:168  0:053  === [ Found config plists ] =====================
1:188  0:020  - config.plist
1:204  0:015  === [ GetEarlyUserSettings ] ====================
1:204  0:000  timeout set to 5
1:204  0:000  Custom boot CUSTOM_BOOT_DISABLED (0x0)
1:204  0:000  ForceKextsToLoad: 1 requested
1:204  0:000   - [0]: System\Library\Extensions\IOGraphicsFamily.kext
1:204  0:000  KextsToPatch: 11 requested
1:204  0:000   - [00]: com.apple.driver.usb.AppleUSBXHCIPCI (USB port limit patch) :: MatchOS: 10.11.x :: BinPatch :: data len: 7
1:204  0:000   - [01]: com.apple.driver.usb.AppleUSBXHCIPCI (USB port limit patch) :: MatchOS: 10.12.x :: BinPatch :: data len: 7
1:204  0:000   - [02]: com.apple.driver.usb.AppleUSBXHCI (USB port limit patch by PMHeart) :: MatchOS: 10.13.6 :: BinPatch :: data len: 10
1:204  0:000   - [03]: com.apple.iokit.IOUSBHostFamily (USB port limit patch #1 10.14.x modify by DalianSky(credit ydeng)) :: MatchOS: 10.14.x :: BinPatch :: data len: 4
1:204  0:000   - [04]: com.apple.iokit.IOUSBHostFamily (USB port limit patch #2 10.14.x modify by DalianSky(credit PMHeart)) :: MatchOS: 10.14.x :: BinPatch :: data len: 4
1:204  0:000   - [05]: com.apple.driver.usb.AppleUSBXHCI (USB Port limit patch #3 10.14.x modify by DalianSky(credits PMheart)) :: MatchOS: 10.14.x :: BinPatch :: data len: 4
1:204  0:000   - [06]: com.apple.driver.usb.AppleUSBXHCI (USB Port limit patch #4 10.14.x modify by DalianSky(credits PMheart)) :: MatchOS: 10.14.x :: BinPatch :: data len: 4
1:204  0:000   - [07]: com.apple.iokit.IOUSBHostFamily (USB Port limit patch #1(credits PMheart)) :: MatchOS: 10.15.x :: BinPatch :: data len: 4
1:204  0:000   - [08]: com.apple.driver.usb.AppleUSBXHCI (USB Port limit patch #2(credits PMheart)) :: MatchOS: 10.15.x :: BinPatch :: data len: 4
1:204  0:000   - [09]: com.apple.driver.AppleIntelLpssI2C (Prevent Apple I2C kexts from attaching to I2C controllers, credit CoolStar) :: PlistPatch :: data len: 5
1:204  0:000   - [10]: com.apple.driver.AppleIntelLpssI2CController (Prevent Apple I2C kexts from attaching to I2C controllers, credit CoolStar) :: PlistPatch :: data len: 5
1:205  0:000  Default theme: blacktype
1:205  0:000  Hiding entries with string Preboot
1:205  0:000  === [ LoadDrivers ] =============================
1:234  0:029  Loading ApfsDriverLoader.efi  status=Success
1:242  0:007   - driver needs connecting
1:242  0:000  Loading FwRuntimeServices.efi  status=Success
1:250  0:007  Loading HFSPlus.efi  status=Success
1:256  0:006   - driver needs connecting
1:256  0:000  Loading OcQuirks.efi  status=Success
1:432  0:175  Loading Ps2MouseDxe.efi  status=Success
1:439  0:006   - driver needs connecting
1:439  0:000  Loading VirtualSmc.efi  status=Success
1:548  0:108  Loading UsbMouseDxe.efi  status=Success
1:578  0:029   - driver needs connecting
1:578  0:000  Loading Fat.efi  status=Success
1:585  0:007   - driver needs connecting
1:585  0:000  Loading PartitionDxe.efi  status=Success
1:593  0:007   - driver needs connecting
1:593  0:000  Loading UsbKbDxe.efi  status=Success
1:600  0:007   - driver needs connecting
1:600  0:000  Loading NTFS.efi  status=Success
1:608  0:008   - driver needs connecting
1:608  0:000  Loading EnglishDxe.efi  status=Success
1:616  0:007  Loading AudioDxe.efi  status=Success
1:624  0:008   - driver needs connecting
1:624  0:000  Loading FSInject.efi  status=Success
1:632  0:008  Loading HashServiceFix.efi  status=Success
1:639  0:006  Loading NvmExpressDxe.efi  status=Success
1:679  0:039   - driver needs connecting
1:679  0:000  Loading OsxFatBinaryDrv.efi  status=Success
1:686  0:007  10 drivers needs connecting ...
1:686  0:000  PlatformDriverOverrideProtocol not found. Installing ... Success
1:686  0:000  Partition driver loaded: 
1:686  0:000  HFS+ driver loaded
1:686  0:000  APFS driver loaded
1:686  0:000  Searching for invalid DiskIo BY_DRIVER connects: not found, all ok
5:274  3:587  === [ InitScreen ] ==============================
5:274  0:000  Console modes reported: 4, available modes:
5:274  0:000   - [01]: 80x25 (current mode)
5:274  0:000   - [02]: 80x50
5:274  0:000   - [03]: 100x31
5:274  0:000   - [04]: 240x56
5:274  0:000  SetMaxResolution: found best mode 0: 1920x1080
5:334  0:059  Video mode change to mode #0: Success
5:334  0:000   - set
5:334  0:000  SetScreenResolution: 1920x1080 - already set
5:334  0:000  reinit: self device path=PciRoot(0x0)\Pci(0x17,0x0)\Sata(0x1,0xFFFF,0x0)\HD(1,GPT,D8034E3E-2AB4-48E4-9903-59A87AFF51EA,0x22,0x64000)
5:334  0:000  new SelfHandle=880ADF98
5:338  0:004  Using embedded font: Success
5:339  0:001  === [ GetMacAddress ] ===========================
5:339  0:000   get legacy LAN MAC, 1 card found
5:339  0:000  Legacy MAC address of LAN #0= FF:FF:FF:FF:FF:FF:
5:339  0:000  === [ ScanSPD ] =================================
5:339  0:000  Scanning SMBus [8086:9D23], mmio: 0xEF332004, ioport: 0xF040, hostc: 0x11
5:358  0:019  Slot: 2 Type 26 8192MB 2666MHz Vendor=Corsair PartNo=CMSX8GX4M1A2666C18 SerialNo=0000000000000000
5:359  0:000  === [ GetAcpiTablesList ] =======================
5:369  0:010  Get Acpi Tables List from RSDT:
5:369  0:000   - [00]: FACP  Notebook len=132
5:369  0:000   - [01]: APIC  Notebook len=132
5:369  0:000   - [02]: FPDT  Notebook len=68
5:369  0:000   - [03]: ECDT  Notebook len=193
5:369  0:000   - [04]: MCFG  Notebook len=60
5:369  0:000   - [05]: SSDT  SataTabl len=857
5:369  0:000   - [06]: FIDT  Notebook len=156
5:369  0:000   - [07]: SSDT  DptfTabl len=24519
5:369  0:000   - [08]: SSDT  SaSsdt  len=12633
5:369  0:000   - [09]: HPET  KBL-ULT len=56
5:369  0:000   - [10]: UEFI  EDK2     len=66
5:369  0:000   - [11]: SSDT  CpuSsdt len=3806
5:369  0:000   - [12]: LPIT  KBL-ULT len=148
5:369  0:000   - [13]: WSMT  KBL-ULT len=40
5:369  0:000   - [14]: SSDT  HdaDsp len=321
5:369  0:000   - [15]: SSDT  sensrhub len=671
5:369  0:000   - [16]: SSDT  TbtTypeC len=533
5:369  0:000   - [17]: DBGP   len=52
5:369  0:000   - [18]: DBG2   len=84
5:369  0:000   - [19]: BGRT  Notebook len=56
5:369  0:000   - [20]: SSDT  SgUlt len=923
5:369  0:000   - [21]: SSDT  SgPch len=2089
5:369  0:000   - [22]: TPM2  Tpm2Tabl len=52
5:369  0:000   - [23]: SSDT  OptTabl len=7787
5:369  0:000  Calibrated TSC Frequency = 2904429960 = 2904MHz
5:370  0:000  === [ GetUserSettings ] =========================
5:370  0:000  Add 1 devices (kTagTypeDict):
5:370  0:000  USB FixOwnership: yes
5:370  0:000  Dropping 1 tables:
5:370  0:000   - [00]: Drop table  signature="DMAR" (52414D44)
5:370  0:000           - set table: 52414D44,                0 to drop: no
5:370  0:000   - final DSDT Fix mask=10000000
5:370  0:000  PatchesDSDT: 9 requested
5:370  0:000   - [00]: (GFX0 to IGPU) lenToFind: 4, lenToReplace: 4, Target Bridge: <null string>
5:370  0:000   - [01]: (HDAS to HDEF) lenToFind: 4, lenToReplace: 4, Target Bridge: <null string>
5:370  0:000   - [02]: (HECI to IMEI) lenToFind: 4, lenToReplace: 4, Target Bridge: <null string>
5:370  0:000   - [03]: (SAT0 to SATA) lenToFind: 4, lenToReplace: 4, Target Bridge: <null string>
5:370  0:000   - [04]: (GLAN to GIGE) lenToFind: 4, lenToReplace: 4, Target Bridge: <null string>
5:370  0:000   - [05]: (Fix bug SKL+) lenToFind: 8, lenToReplace: 8, Target Bridge: <null string>
5:370  0:000   - [06]: (H_EC to EC) lenToFind: 4, lenToReplace: 4, Target Bridge: <null string>
5:370  0:000    patch disabled at config
5:370  0:000   - [07]: (EC0 to EC) lenToFind: 4, lenToReplace: 4, Target Bridge: <null string>
5:370  0:000    patch disabled at config
5:370  0:000   - [08]: (ECDV to EC) lenToFind: 4, lenToReplace: 4, Target Bridge: <null string>
5:370  0:000    patch disabled at config
5:370  0:000  Using ProductName from clover: MacBookPro14,1
5:370  0:000  BiosVersion: not set, Using BiosVersion from clover
5:370  0:000  BiosVersion: MBP141.88Z.F000.B00.2001311754
5:370  0:000  BiosReleaseDate: 01/31/2020
5:370  0:000  Using EfiVersion from clover: 205.0.0.0.0
5:370  0:000  Using FirmwareFeatures from clover: 0xFC0FE176
5:370  0:000  Using FirmwareFeaturesMask from clover: 0xFF1FFF7F
5:370  0:000  Using PlatformFeature from clover: 0x1A
5:373  0:002  === [ Found DSDT tables ] =======================
5:413  0:039  - DSDT.aml
6:679  1:266  === [ ScanVolumes ] =============================
6:679  0:000  Found 13 volumes with blockIO
6:679  0:000  - [00]: Volume: PciRoot(0x0)\Pci(0x14,0x0)\USB(0xC,0x0)
6:679  0:000          Result of bootcode detection: bootable unknown (legacy)
6:679  0:000  - [01]: Volume: PciRoot(0x0)\Pci(0x14,0x0)\USB(0xC,0x0)\HD(1,GPT,5E98181F-0973-4487-B72A-303DF4F26921,0x28,0x64000)
6:680  0:000          Result of bootcode detection: bootable unknown (legacy)
6:680  0:000  - [02]: Volume: PciRoot(0x0)\Pci(0x14,0x0)\USB(0xC,0x0)\HD(2,GPT,0E0CA547-4F8F-4019-A22D-F7C322545202,0x64028,0x101F868)
6:681  0:000  - [03]: Volume: PciRoot(0x0)\Pci(0x17,0x0)\Sata(0x0,0xFFFF,0x0)
6:691  0:010  - [04]: Volume: PciRoot(0x0)\Pci(0x17,0x0)\Sata(0x1,0xFFFF,0x0)
6:693  0:002  - [05]: Volume: PciRoot(0x0)\Pci(0x17,0x0)\Sata(0x0,0xFFFF,0x0)\HD(1,GPT,A6255AAB-2787-461D-B765-895541168169,0x800,0x8000)
6:694  0:000  - [06]: Volume: PciRoot(0x0)\Pci(0x17,0x0)\Sata(0x0,0xFFFF,0x0)\HD(2,GPT,B9A89EF5-5712-44CC-9933-32C679754CE9,0x8800,0xDF8C000)
6:695  0:000          Result of bootcode detection: bootable Windows (vista,win)
6:695  0:000  - [07]: Volume: PciRoot(0x0)\Pci(0x17,0x0)\Sata(0x1,0xFFFF,0x0)\HD(1,GPT,D8034E3E-2AB4-48E4-9903-59A87AFF51EA,0x22,0x64000)
6:695  0:000          Result of bootcode detection: bootable unknown (legacy)
6:730  0:034          This is SelfVolume !!
6:730  0:000  - [08]: Volume: PciRoot(0x0)\Pci(0x17,0x0)\Sata(0x1,0xFFFF,0x0)\HD(2,GPT,6A1119C8-21D3-4459-A71E-6B3576FBFD58,0x64800,0xF096000)
6:734  0:004  - [09]: Volume: PciRoot(0x0)\Pci(0x17,0x0)\Sata(0x1,0xFFFF,0x0)\HD(3,GPT,0021283B-4740-7BB4-A5AA-DF0F76504200,0xF0FA800,0xDCD60E0)
6:742  0:008  - [10]: Volume: PciRoot(0x0)\Pci(0x17,0x0)\Sata(0x1,0xFFFF,0x0)\HD(4,GPT,C5749307-4A5B-4553-88F0-0CE77A98A7F5,0x1CDD08E0,0x135F20)
6:751  0:009  - [11]: Volume: PciRoot(0x0)\Pci(0x17,0x0)\Sata(0x1,0xFFFF,0x0)\HD(5,GPT,0018578D-3E80-A17F-316B-F61D1AAF3000,0x1CF06800,0x6400000)
6:759  0:007  - [12]: Volume: PciRoot(0x0)\Pci(0x17,0x0)\Sata(0x1,0xFFFF,0x0)\HD(6,GPT,BF9FFB30-5CAC-01D5-983D-485B56AEEA00,0x23306800,0x51400000)
6:767  0:007          Result of bootcode detection: bootable Windows (vista,win)
6:767  0:000  found 2 handles with audio
6:768  0:000  got index=1
6:768  0:000  got volume 100
6:768  0:000  Found Audio Device Conexant (Unknown) (Headphones) at index 0
6:768  0:000  Found Audio Device Conexant (Unknown) (Speaker) at index 1
6:768  0:000  Found Audio Device Intel Kaby Lake HDMI (HDMI) at index 2
6:768  0:000  === [ InitTheme ] ===============================
6:768  0:000  use daylight theme
6:816  0:048  Using theme 'blacktype' (EFI\CLOVER\themes\blacktype)
6:816  0:000  theme blacktype defined in NVRAM found and theme.plist parsed
6:816  0:000  OS main and drive as badge
6:818  0:001  file sound read: sound.wav Not Found
6:833  0:015  Loading font from ThemeDir: Success
6:834  0:000  theme inited
6:834  0:000  Chosen theme blacktype
6:834  0:000  found boot-args in NVRAM:, size=1
6:835  0:000  after NVRAM boot-args=dart=0 nv_disable=1 -wegnoegpu
6:835  0:000  === [ Dump SMC keys from NVRAM ] ================
6:835  0:000  found AppleSMC protocol
6:895  0:060  === [ ScanLoader ] ==============================
6:895  0:000  - [01]: 'EFI'
7:056  0:161          AddLoaderEntry for Volume Name=EFI
7:056  0:000          skipped because entry is hidden
7:056  0:000  - [02]: 'Install macOS Catalina'
7:057  0:000          AddLoaderEntry for Volume Name=Install macOS Catalina
7:082  0:024          [!] Icon 13 (icons\vol_external.icns) not found (path: EFI\CLOVER\themes\blacktype)
7:189  0:107  - [06]: 'KamFretoZ'
7:291  0:102  - [07]: 'EFI'
7:336  0:044          AddLoaderEntry for Volume Name=EFI
7:355  0:018          [!] Icon 19 (icons\vol_internal_ntfs.icns) not found (path: EFI\CLOVER\themes\blacktype)
7:520  0:165          AddLoaderEntry for Volume Name=EFI
7:520  0:000          skipped because entry is hidden
7:520  0:000  - [08]: ''
7:653  0:133          AddLoaderEntry for Volume Name=
7:714  0:061          [!] Icon 20 (icons\vol_internal_ext3.icns) not found (path: EFI\CLOVER\themes\blacktype)
7:734  0:019          AddLoaderEntry for Volume Name=
7:742  0:007  - [09]: 'HAXintosh'
7:780  0:038          AddLoaderEntry for Volume Name=HAXintosh
7:815  0:035      hibernated: set as never
7:823  0:007          [!] Icon 17 (icons\vol_internal_hfs.icns) not found (path: EFI\CLOVER\themes\blacktype)
7:931  0:108  - [10]: 'Recovery HD'
7:940  0:008          AddLoaderEntry for Volume Name=Recovery HD
7:971  0:030          [!] Icon 21 (icons\vol_recovery.icns) not found (path: EFI\CLOVER\themes\blacktype)
8:078  0:106  - [11]: 'Android-x86'
8:180  0:102  - [12]: 'DATA'
8:281  0:100  Scanning legacy ...
8:305  0:024  === [ AddCustomTool ] ===========================
8:317  0:012  Checking EFI partition Volume 1 for Clover
8:317  0:000   Found Clover
8:345  0:027  === [ GetEfiBootDeviceFromNvram ] ===============
8:346  0:001   - efi-boot-device-data: PciRoot(0x0)\Pci(0x17,0x0)\Sata(0x1,0xFFFF,0x0)\HD(3,GPT,0021283B-4740-7BB4-A5AA-DF0F76504200,0xF0FA800,0xDCD60E0)
8:347  0:000    - Volume: 'PciRoot(0x0)\Pci(0x17,0x0)\Sata(0x1,0xFFFF,0x0)\HD(3,GPT,0021283B-4740-7BB4-A5AA-DF0F76504200,0xF0FA800,0xDCD60E0)'
8:347  0:000    - LoaderPath: '<null string>'
8:347  0:000    - Guid = 0021283B-4740-7BB4-A5AA-DF0F76504200
8:347  0:000  === [ FindStartupDiskVolume ] ===================
8:347  0:000    - Volume: partition = PciRoot(0x0)\Pci(0x17,0x0)\Sata(0x1,0xFFFF,0x0)\HD(3,GPT,0021283B-4740-7BB4-A5AA-DF0F76504200,0xF0FA800,0xDCD60E0)
8:347  0:000     - searching for that partition
8:347  0:000      - found entry 4. 'Boot macOS from HAXintosh', Volume 'HAXintosh'
8:347  0:000  Boot redirected to Entry 4. 'Boot macOS from HAXintosh'
8:347  0:000  DefaultIndex=4 and MainMenu.Entries.size()=13
8:490  0:143  GUI ready
49:476  40:986  exit from MainMenu 1
57:062  7:586  exit from MainMenu 1
57:063  0:000  Boot option Boot0000 not found
57:063  0:000  === [ StartLoader ] =============================
57:063  0:000  Finally: ExternalClock=26MHz BusSpeed=100153kHz CPUFreq=2904MHz PIS: hw.busfrequency=104000000Hz
57:063  0:000  start loader
57:063  0:000  Loading boot.efi  status=Success
57:125  0:061  GetOSVersion: 10.15.2 (19C57)
57:125  0:000  CSR_CFG: CSR_ALLOW_UNTRUSTED_KEXTS | CSR_ALLOW_UNRESTRICTED_FS | CSR_ALLOW_TASK_FOR_PID | CSR_ALLOW_UNRESTRICTED_DTRACE | CSR_ALLOW_UNRESTRICTED_NVRAM
57:125  0:000  Filtering KextPatches:
57:125  0:000   - [00]: com.apple.driver.usb.AppleUSBXHCIPCI (USB port limit patch) :: BinPatch :: [OS: 10.15.2 | MatchOS: 10.11.x | MatchBuild: All] ==> not allowed
57:125  0:000   - [01]: com.apple.driver.usb.AppleUSBXHCIPCI (USB port limit patch) :: BinPatch :: [OS: 10.15.2 | MatchOS: 10.12.x | MatchBuild: All] ==> not allowed
57:125  0:000   - [02]: com.apple.driver.usb.AppleUSBXHCI (USB port limit patch by PMHeart) :: BinPatch :: [OS: 10.15.2 | MatchOS: 10.13.6 | MatchBuild: All] ==> not allowed
57:125  0:000   - [03]: com.apple.iokit.IOUSBHostFamily (USB port limit patch #1 10.14.x modify by DalianSky(credit ydeng)) :: BinPatch :: [OS: 10.15.2 | MatchOS: 10.14.x | MatchBuild: All] ==> not allowed
57:125  0:000   - [04]: com.apple.iokit.IOUSBHostFamily (USB port limit patch #2 10.14.x modify by DalianSky(credit PMHeart)) :: BinPatch :: [OS: 10.15.2 | MatchOS: 10.14.x | MatchBuild: All] ==> not allowed
57:125  0:000   - [05]: com.apple.driver.usb.AppleUSBXHCI (USB Port limit patch #3 10.14.x modify by DalianSky(credits PMheart)) :: BinPatch :: [OS: 10.15.2 | MatchOS: 10.14.x | MatchBuild: All] ==> not allowed
57:125  0:000   - [06]: com.apple.driver.usb.AppleUSBXHCI (USB Port limit patch #4 10.14.x modify by DalianSky(credits PMheart)) :: BinPatch :: [OS: 10.15.2 | MatchOS: 10.14.x | MatchBuild: All] ==> not allowed
57:125  0:000   - [07]: com.apple.iokit.IOUSBHostFamily (USB Port limit patch #1(credits PMheart)) :: BinPatch :: [OS: 10.15.2 | MatchOS: 10.15.x | MatchBuild: All] ==> allowed
57:125  0:000   - [08]: com.apple.driver.usb.AppleUSBXHCI (USB Port limit patch #2(credits PMheart)) :: BinPatch :: [OS: 10.15.2 | MatchOS: 10.15.x | MatchBuild: All] ==> allowed
57:125  0:000   - [09]: com.apple.driver.AppleIntelLpssI2C (Prevent Apple I2C kexts from attaching to I2C controllers, credit CoolStar) :: PlistPatch :: [OS: 10.15.2 | MatchOS: All | MatchBuild: All] ==> allowed
57:125  0:000   - [10]: com.apple.driver.AppleIntelLpssI2CController (Prevent Apple I2C kexts from attaching to I2C controllers, credit CoolStar) :: PlistPatch :: [OS: 10.15.2 | MatchOS: All | MatchBuild: All] ==> allowed
57:125  0:000  Will not patch boot.efi
57:125  0:000  === [ PatchSmbios ] =============================
57:125  0:000  insert table 9 for dev 0:0
57:125  0:000  insert table 9 for dev 0:0
57:125  0:000  Table 11 present, but rewritten for us
57:126  0:001  Trusting SMBIOS...
57:126  0:000  Channels: 1
57:126  0:000  Interleave: 0 1 2 3 4 5 6 7 8 9 10 11 12 13 14 15 16 17 18 19 20 21 22 23
57:126  0:000   partNum=M471A5143EB0-CPB    
57:126  0:000  SMBIOS Type 17 Index = 0 => 0 0:
57:126  0:000  BANK 0 DIMM0 2133MHz 4096MB(Ext:0MB)
57:126  0:000  SMBIOS Type 17 Index = 1 => 1 1:
57:126  0:000  BANK 0 DIMM1 EMPTY
57:126  0:000   partNum=CMSX8GX4M1A2666C18  
57:126  0:000  SMBIOS Type 17 Index = 2 => 2 2:
57:126  0:000  BANK 0 DIMM2 2667MHz 8192MB(Ext:0MB)
57:126  0:000  mTotalSystemMemory = 12288
57:126  0:000  NumberOfMemoryDevices = 3
57:126  0:000  Type20[0]->End = 0x3FFFFF, Type17[0] = 0x1000
57:126  0:000  Type20[1]->End = 0xBFFFFF, Type17[2] = 0x4000
57:126  0:000  Table 131 is present, CPUType=31
57:126  0:000  Change to: 705
57:126  0:000  === [ PatchACPI ] ===============================
57:126  0:000  Xsdt reallocation done
57:126  0:000  old FADT length=114
57:126  0:000   SignatureFixup: 0xB93D604C -> 0x0
57:126  0:000  Found OperationRegion(GNVS, SystemMemory, 8AE81000, ...)
57:126  0:000  Found OperationRegion(CPSB, SystemMemory, 8A9DDF98, ...)
57:126  0:000  Found OperationRegion(PNVA, SystemMemory, 8AE86018, ...)
57:126  0:000  Found OperationRegion(THBA, SystemMemory, FE200000, ...)
57:128  0:001  Found OperationRegion(ITSS, SystemMemory, FDC43100, ...)
57:128  0:000  Found OperationRegion(ABNV, SystemMemory, FFFF0000, ...)
57:128  0:000  Found OperationRegion(TMMB, SystemMemory, FED40000, ...)
57:128  0:000  Found OperationRegion(CRBD, SystemMemory, FED40000, ...)
57:128  0:000  Found OperationRegion(TPMR, SystemMemory, FED40040, ...)
57:128  0:000  Found OperationRegion(ATNV, SystemMemory, 8AE86F18, ...)
57:128  0:000  Found OperationRegion(RAMW, SystemMemory, 8AEB7000, ...)
57:992  0:864  DSDT found in Clover volume OEM folder: EFI\CLOVER\ACPI\patched\DSDT.aml
58:010  0:017  Apply DsdtFixMask=0x10000000
58:010  0:000     drop _DSM mask=0xFFFF
58:010  0:000  === [ FixBiosDsdt ] =============================
58:010  0:000  Patching DSDT:
58:010  0:000   - [GFX0 to IGPU]: pattern 47465830, bin not found / already patched!
58:011  0:000   - [HDAS to HDEF]: pattern 48444153, patched at: [ (35B) (12) (12) (A3EC) (157E) (84) (D) (2B) (32) (4F) (6F) (C4) ]
58:011  0:000   - [HECI to IMEI]: pattern 48454349, bin not found / already patched!
58:011  0:000   - [SAT0 to SATA]: pattern 53415430, patched at: [ (595) (25C) (E) (E) (B857) (30) (10A8D) (3F) (14EF) (4E2) (2A) (29) (2E) (2E) (2E) (2E) (908D) (CC) ]
58:011  0:000   - [GLAN to GIGE]: pattern 474C414E, patched at: [ (60A7) (46DF) (9F9) (99) ]
58:011  0:000   - [Fix bug SKL+]: pattern A00A9353, bin not found / already patched!
58:012  0:000   - [H_EC to EC]: disabled
58:012  0:000   - [EC0 to EC]: disabled
58:012  0:000   - [ECDV to EC]: disabled
58:012  0:000    0 replacements
58:013  0:000    indirect name=PNVB
58:013  0:000  OperationRegion (THBA...) corrected from 0x0 to addr=0xFE200000
58:013  0:000    indirect name=TPMM
58:013  0:000    indirect name=FTPM
58:013  0:000    indirect name=PPIM
58:013  0:000  PreCleanup XSDT: count=24, length=228
58:013  0:000  PreCleanup XSDT, corrected XSDT: count=24, length=228
58:013  0:000  === [ ACPIPatchedAML ] ==========================
58:013  0:000  AutoMerge pass 1
58:013  0:000  Unsorted
58:013  0:000  Inserting SSDT-PNLF.aml from EFI\CLOVER\ACPI\patched: ignore on pass 1
58:013  0:000  === [ ACPIDropTables ] ==========================
58:013  0:000  Patching SSDT SataTabl Length=857
58:013  0:000  0. [GFX0 to IGPU]: pattern 47465830, bin not found / already patched!
58:013  0:000  1. [HDAS to HDEF]: pattern 48444153, bin not found / already patched!
58:013  0:000  2. [HECI to IMEI]: pattern 48454349, bin not found / already patched!
58:013  0:000  3. [SAT0 to SATA]: pattern 53415430, patched at: [ (27) (E) (12) (12) (12) (12) (12) (AB) ]
58:013  0:000  4. [GLAN to GIGE]: pattern 474C414E, bin not found / already patched!
58:013  0:000  5. [Fix bug SKL+]: pattern A00A9353, bin not found / already patched!
58:013  0:000  6. [H_EC to EC]: disabled
58:013  0:000  7. [EC0 to EC]: disabled
58:013  0:000  8. [ECDV to EC]: disabled
58:013  0:000    0 replacements
58:013  0:000  Patching SSDT DptfTabl Length=24519
58:013  0:000  0. [GFX0 to IGPU]: pattern 47465830, bin not found / already patched!
58:013  0:000  1. [HDAS to HDEF]: pattern 48444153, bin not found / already patched!
58:013  0:000  2. [HECI to IMEI]: pattern 48454349, bin not found / already patched!
58:013  0:000  3. [SAT0 to SATA]: pattern 53415430, bin not found / already patched!
58:013  0:000  4. [GLAN to GIGE]: pattern 474C414E, bin not found / already patched!
58:013  0:000  5. [Fix bug SKL+]: pattern A00A9353, bin not found / already patched!
58:013  0:000  6. [H_EC to EC]: disabled
58:013  0:000  7. [EC0 to EC]: disabled
58:013  0:000  8. [ECDV to EC]: disabled
58:013  0:000    0 replacements
58:013  0:000  Patching SSDT SaSsdt  Length=12633
58:013  0:000  0. [GFX0 to IGPU]: pattern 47465830, patched at: [ (2D) (20) (46) (2A0) (1C8A) (A3A) (1D) (6EC) ]
58:013  0:000  1. [HDAS to HDEF]: pattern 48444153, bin not found / already patched!
58:013  0:000  2. [HECI to IMEI]: pattern 48454349, bin not found / already patched!
58:013  0:000  3. [SAT0 to SATA]: pattern 53415430, bin not found / already patched!
58:013  0:000  4. [GLAN to GIGE]: pattern 474C414E, bin not found / already patched!
58:013  0:000  5. [Fix bug SKL+]: pattern A00A9353, bin not found / already patched!
58:013  0:000  6. [H_EC to EC]: disabled
58:013  0:000  7. [EC0 to EC]: disabled
58:013  0:000  8. [ECDV to EC]: disabled
58:013  0:000    0 replacements
58:013  0:000  Found OperationRegion(SANV, SystemMemory, 8AE86358, ...)
58:013  0:000  Patching SSDT CpuSsdt Length=3806
58:013  0:000  0. [GFX0 to IGPU]: pattern 47465830, bin not found / already patched!
58:013  0:000  1. [HDAS to HDEF]: pattern 48444153, bin not found / already patched!
58:013  0:000  2. [HECI to IMEI]: pattern 48454349, bin not found / already patched!
58:013  0:000  3. [SAT0 to SATA]: pattern 53415430, bin not found / already patched!
58:013  0:000  4. [GLAN to GIGE]: pattern 474C414E, bin not found / already patched!
58:013  0:000  5. [Fix bug SKL+]: pattern A00A9353, bin not found / already patched!
58:014  0:000  6. [H_EC to EC]: disabled
58:014  0:000  7. [EC0 to EC]: disabled
58:014  0:000  8. [ECDV to EC]: disabled
58:014  0:000    0 replacements
58:014  0:000  Found OperationRegion(PNVS, SystemMemory, 8493F000, ...)
58:014  0:000  Patching SSDT HdaDsp Length=321
58:014  0:000  0. [GFX0 to IGPU]: pattern 47465830, bin not found / already patched!
58:014  0:000  1. [HDAS to HDEF]: pattern 48444153, patched at: [ (20) (48) ]
58:014  0:000  2. [HECI to IMEI]: pattern 48454349, bin not found / already patched!
58:014  0:000  3. [SAT0 to SATA]: pattern 53415430, bin not found / already patched!
58:014  0:000  4. [GLAN to GIGE]: pattern 474C414E, bin not found / already patched!
58:014  0:000  5. [Fix bug SKL+]: pattern A00A9353, bin not found / already patched!
58:014  0:000  6. [H_EC to EC]: disabled
58:014  0:000  7. [EC0 to EC]: disabled
58:014  0:000  8. [ECDV to EC]: disabled
58:014  0:000    0 replacements
58:014  0:000  Patching SSDT sensrhub Length=671
58:014  0:000  0. [GFX0 to IGPU]: pattern 47465830, bin not found / already patched!
58:014  0:000  1. [HDAS to HDEF]: pattern 48444153, bin not found / already patched!
58:014  0:000  2. [HECI to IMEI]: pattern 48454349, bin not found / already patched!
58:014  0:000  3. [SAT0 to SATA]: pattern 53415430, bin not found / already patched!
58:014  0:000  4. [GLAN to GIGE]: pattern 474C414E, bin not found / already patched!
58:014  0:000  5. [Fix bug SKL+]: pattern A00A9353, bin not found / already patched!
58:014  0:000  6. [H_EC to EC]: disabled
58:014  0:000  7. [EC0 to EC]: disabled
58:014  0:000  8. [ECDV to EC]: disabled
58:014  0:000    0 replacements
58:014  0:000  Patching SSDT TbtTypeC Length=533
58:014  0:000  0. [GFX0 to IGPU]: pattern 47465830, bin not found / already patched!
58:014  0:000  1. [HDAS to HDEF]: pattern 48444153, bin not found / already patched!
58:014  0:000  2. [HECI to IMEI]: pattern 48454349, bin not found / already patched!
58:014  0:000  3. [SAT0 to SATA]: pattern 53415430, bin not found / already patched!
58:014  0:000  4. [GLAN to GIGE]: pattern 474C414E, bin not found / already patched!
58:014  0:000  5. [Fix bug SKL+]: pattern A00A9353, bin not found / already patched!
58:014  0:000  6. [H_EC to EC]: disabled
58:014  0:000  7. [EC0 to EC]: disabled
58:014  0:000  8. [ECDV to EC]: disabled
58:014  0:000    0 replacements
58:014  0:000  Patching SSDT SgUlt Length=923
58:014  0:000  0. [GFX0 to IGPU]: pattern 47465830, bin not found / already patched!
58:014  0:000  1. [HDAS to HDEF]: pattern 48444153, bin not found / already patched!
58:014  0:000  2. [HECI to IMEI]: pattern 48454349, bin not found / already patched!
58:014  0:000  3. [SAT0 to SATA]: pattern 53415430, bin not found / already patched!
58:014  0:000  4. [GLAN to GIGE]: pattern 474C414E, bin not found / already patched!
58:014  0:000  5. [Fix bug SKL+]: pattern A00A9353, bin not found / already patched!
58:014  0:000  6. [H_EC to EC]: disabled
58:014  0:000  7. [EC0 to EC]: disabled
58:014  0:000  8. [ECDV to EC]: disabled
58:014  0:000    0 replacements
58:014  0:000  Patching SSDT SgPch Length=2089
58:014  0:000  0. [GFX0 to IGPU]: pattern 47465830, bin not found / already patched!
58:014  0:000  1. [HDAS to HDEF]: pattern 48444153, bin not found / already patched!
58:014  0:000  2. [HECI to IMEI]: pattern 48454349, bin not found / already patched!
58:014  0:000  3. [SAT0 to SATA]: pattern 53415430, bin not found / already patched!
58:014  0:000  4. [GLAN to GIGE]: pattern 474C414E, bin not found / already patched!
58:014  0:000  5. [Fix bug SKL+]: pattern A00A9353, bin not found / already patched!
58:014  0:000  6. [H_EC to EC]: disabled
58:014  0:000  7. [EC0 to EC]: disabled
58:014  0:000  8. [ECDV to EC]: disabled
58:014  0:000    0 replacements
58:014  0:000  Patching SSDT OptTabl Length=7787
58:014  0:000  0. [GFX0 to IGPU]: pattern 47465830, patched at: [ (55) (28) (61F) (A8) (527) (11A9) (11) ]
58:014  0:000  1. [HDAS to HDEF]: pattern 48444153, bin not found / already patched!
58:014  0:000  2. [HECI to IMEI]: pattern 48454349, bin not found / already patched!
58:014  0:000  3. [SAT0 to SATA]: pattern 53415430, bin not found / already patched!
58:014  0:000  4. [GLAN to GIGE]: pattern 474C414E, bin not found / already patched!
58:014  0:000  5. [Fix bug SKL+]: pattern A00A9353, bin not found / already patched!
58:014  0:000  6. [H_EC to EC]: disabled
58:014  0:000  7. [EC0 to EC]: disabled
58:014  0:000  8. [ECDV to EC]: disabled
58:014  0:000    0 replacements
58:014  0:000  === [ ACPIPatchedAML ] ==========================
58:014  0:000  AutoMerge pass 2
58:014  0:000  Unsorted
58:014  0:000  Inserting SSDT-PNLF.aml from EFI\CLOVER\ACPI\patched: size=1028 ... Success
58:030  0:016  ApicCPUNum=1
58:030  0:000  Cleanup XSDT: count=25, length=236
58:030  0:000  corrected XSDT count=25, length=236
58:030  0:000  === [ RestSetup macOS ] =========================
58:030  0:000  EdidDiscovered size=128
58:030  0:000  --- Discovered EDID Table size:128
58:030  0:000  000  |  00  FF  FF  FF  FF  FF  FF  00  0D  AE
58:030  0:000  010  |  A7  14  00  00  00  00  2C  17  01  04
58:030  0:000  020  |  95  1F  11  78  02  FD  A5  92  55  52
58:030  0:000  030  |  94  28  24  50  54  00  00  00  01  01
58:030  0:000  040  |  01  01  01  01  01  01  01  01  01  01
58:030  0:000  050  |  01  01  01  01  5E  35  80  96  70  38
58:030  0:000  060  |  14  40  2C  1C  24  00  34  AD  10  00
58:030  0:000  070  |  00  18  00  00  00  FE  00  4E  31  34
58:030  0:000  080  |  30  48  47  45  2D  45  41  41  0A  20
58:030  0:000  090  |  00  00  00  FE  00  43  4D  4E  0A  20
58:030  0:000  100  |  20  20  20  20  20  20  20  20  00  00
58:030  0:000  110  |  00  FE  00  4E  31  34  30  48  47  45
58:030  0:000  120  |  2D  45  41  41  0A  20  00  D4
58:030  0:000  add device: PciRoot(0x0)/Pci(0x2,0x0)
58:030  0:000     Add key=framebuffer-stolenmem valuelen=4
58:030  0:000     Add key=framebuffer-patch-enable valuelen=4
58:030  0:000     Add key=framebuffer-fbmem valuelen=4
58:030  0:000     Add key=disable-external-gpu valuelen=4
58:030  0:000     Add key=AAPL,GfxYTile valuelen=4
58:030  0:000  Intel GFX injection not set
58:030  0:000   RCBA disabled; cannot use it
58:030  0:000   setting specified layout-id=3 (0x3)
58:030  0:000  stringlength = 1592
58:031  0:000  CurrentMode: Width=1920 Height=1080
58:031  0:000  Beginning FSInjection
FSInjectionInstall ...
- Our FSI_SIMPLE_FILE_SYSTEM_PROTOCOL installed on handle: 8854E798
FSInjectionInstall ...
- Our FSI_SIMPLE_FILE_SYSTEM_PROTOCOL installed on handle: 8854E798
58:044  0:013  Remap smbios table type 1 guid.
58:051  0:007    Force kext: System\Library\Extensions\IOGraphicsFamily.kext
58:051  0:000  Failed to load extra kext (Info.plist not found): System\Library\Extensions\IOGraphicsFamily.kext
58:053  0:001  Preparing kexts injection for arch=x86_64 from EFI\CLOVER\kexts\Other
58:053  0:000  ->Extra kext: EFI\CLOVER\kexts\Other\SMCLightSensor.kext (v.1)
58:064  0:011  Skipping kext injection by OSBundleRequired : EFI\CLOVER\kexts\Other\SMCLightSensor.kext
58:064  0:000  ->Extra kext: EFI\CLOVER\kexts\Other\AppleBacklightFixup.kext (v.1.0.2)
58:088  0:024  ->Extra kext: EFI\CLOVER\kexts\Other\CPUFriendDataProvider.kext (v.1.0.0)
58:096  0:007  ->Extra kext: EFI\CLOVER\kexts\Other\VoodooPS2Controller.kext (v.2.1.0)
58:125  0:029      |-- PlugIn kext: EFI\CLOVER\kexts\Other\VoodooPS2Controller.kext\Contents\PlugIns\VoodooPS2Trackpad.kext (v.2.1.0)
58:165  0:039      |-- PlugIn kext: EFI\CLOVER\kexts\Other\VoodooPS2Controller.kext\Contents\PlugIns\VoodooPS2Mouse.kext (v.2.1.0)
58:182  0:016      |-- PlugIn kext: EFI\CLOVER\kexts\Other\VoodooPS2Controller.kext\Contents\PlugIns\VoodooPS2Keyboard.kext (v.2.1.0)
58:213  0:031  ->Extra kext: EFI\CLOVER\kexts\Other\VoodooI2CHID.kext (v.1)
58:251  0:038  Skipping kext injection by OSBundleRequired : EFI\CLOVER\kexts\Other\VoodooI2CHID.kext
58:251  0:000  ->Extra kext: EFI\CLOVER\kexts\Other\USBInjectAll.kext (v.0.7.1)
58:746  0:494  ->Extra kext: EFI\CLOVER\kexts\Other\SystemProfilerMemoryFixup.kext (v.1.0.0)
58:808  0:061  ->Extra kext: EFI\CLOVER\kexts\Other\SATA-unsupported.kext (v.0.9.2)
58:819  0:010  ->Extra kext: EFI\CLOVER\kexts\Other\RealtekRTL8111.kext (v.2.3.0d7)
58:852  0:032  ->Extra kext: EFI\CLOVER\kexts\Other\NoTouchID.kext (v.1.0.2)
58:892  0:040  ->Extra kext: EFI\CLOVER\kexts\Other\VoodooI2C.kext (v.2.3)
58:930  0:038      |-- PlugIn kext: EFI\CLOVER\kexts\Other\VoodooI2C.kext\Contents\PlugIns\VoodooI2CServices.kext (v.1)
58:941  0:011  Skipping kext injection by OSBundleRequired : EFI\CLOVER\kexts\Other\VoodooI2C.kext\Contents\PlugIns\VoodooI2CServices.kext
58:941  0:000      |-- PlugIn kext: EFI\CLOVER\kexts\Other\VoodooI2C.kext\Contents\PlugIns\VoodooGPIO.kext (v.1.1)
58:957  0:016  ->Extra kext: EFI\CLOVER\kexts\Other\AtherosWiFiInjector.kext (v.1.0.1)
58:987  0:030  Skipping kext injection by OSBundleRequired : EFI\CLOVER\kexts\Other\AtherosWiFiInjector.kext
58:987  0:000  ->Extra kext: EFI\CLOVER\kexts\Other\AsusSMC.kext (v.1.2.2)
59:057  0:069  ->Extra kext: EFI\CLOVER\kexts\Other\HibernationFixup.kext (v.1.3.2)
59:095  0:038  ->Extra kext: EFI\CLOVER\kexts\Other\SMCSuperIO.kext (v.1.1.1)
59:112  0:017  ->Extra kext: EFI\CLOVER\kexts\Other\SMCProcessor.kext (v.1.1.1)
59:129  0:016  ->Extra kext: EFI\CLOVER\kexts\Other\CPUFriend.kext (v.1.2.0)
59:144  0:015  ->Extra kext: EFI\CLOVER\kexts\Other\WhateverGreen.kext (v.1.3.7)
59:184  0:039  ->Extra kext: EFI\CLOVER\kexts\Other\VirtualSMC.kext (v.1.1.1)
59:213  0:029  ->Extra kext: EFI\CLOVER\kexts\Other\Lilu.kext (v.1.4.2)
59:228  0:014  ->Extra kext: EFI\CLOVER\kexts\Other\SMCBatteryManager.kext (v.1)
59:244  0:016  ->Extra kext: EFI\CLOVER\kexts\Other\AppleALC.kext (v.1.4.7)
60:344  1:099  Preparing kexts injection for arch=x86_64 from EFI\CLOVER\kexts\10
60:344  0:000  Preparing kexts injection for arch=x86_64 from EFI\CLOVER\kexts\10_install
60:344  0:000  Preparing kexts injection for arch=x86_64 from EFI\CLOVER\kexts\10.15
60:344  0:000  Preparing kexts injection for arch=x86_64 from EFI\CLOVER\kexts\10.15_install
60:344  0:000  Preparing kexts injection for arch=x86_64 from EFI\CLOVER\kexts\10.15.2
60:344  0:000  Preparing kexts injection for arch=x86_64 from EFI\CLOVER\kexts\10.15.2_install
60:346  0:002  SetStartupDiskVolume:
60:346  0:000    * Volume: 'Install macOS Catalina'
60:346  0:000    * LoaderPath: '\System\Library\CoreServices\boot.efi'
60:346  0:000    * DevPath: Install macOS Catalina
60:346  0:000    * GUID = 0E0CA547-4F8F-4019-A22D-F7C322545202
60:349  0:002    * efi-boot-device: <array><dict><key>IOMatch</key><dict><key>IOProviderClass</key><string>IOMedia</string><key>IOPropertyMatch</key><dict><key>UUID</key><string>0E0CA547-4F8F-4019-A22D-F7C322545202</string></dict></dict></dict></array>
60:351  0:002  SetScreenResolution: 1920x1080 - already set
60:351  0:000  Custom boot is disabled
60:352  0:001  Closing log
